Analysis & Synthesis report for flipflop
Tue Aug 22 16:08:30 2023
Quartus Prime Version 21.1.0 Build 842 10/21/2021 SJ Lite Edition


---------------------
; Table of Contents ;
---------------------
  1. Legal Notice
  2. Analysis & Synthesis Summary
  3. Analysis & Synthesis Settings
  4. Parallel Compilation
  5. Analysis & Synthesis Source Files Read
  6. Analysis & Synthesis Resource Usage Summary
  7. Analysis & Synthesis Resource Utilization by Entity
  8. Analysis & Synthesis IP Cores Summary
  9. General Register Statistics
 10. Parameter Settings for User Entity Instance: mux21:ghfqsghfdqw|lpm_mux:LPM_MUX_component
 11. Parameter Settings for User Entity Instance: mux21:sqhffqwhfd|lpm_mux:LPM_MUX_component
 12. Parameter Settings for User Entity Instance: mux21:efgf3f|lpm_mux:LPM_MUX_component
 13. Parameter Settings for User Entity Instance: mux21:fe33efe3r3e|lpm_mux:LPM_MUX_component
 14. Post-Synthesis Netlist Statistics for Top Partition
 15. Elapsed Time Per Partition
 16. Analysis & Synthesis Messages



----------------
; Legal Notice ;
----------------
Copyright (C) 2021  Intel Corporation. All rights reserved.
Your use of Intel Corporation's design tools, logic functions 
and other software and tools, and any partner logic 
functions, and any output files from any of the foregoing 
(including device programming or simulation files), and any 
associated documentation or information are expressly subject 
to the terms and conditions of the Intel Program License 
Subscription Agreement, the Intel Quartus Prime License Agreement,
the Intel FPGA IP License Agreement, or other applicable license
agreement, including, without limitation, that your use is for
the sole purpose of programming logic devices manufactured by
Intel and sold by Intel or its authorized distributors.  Please
refer to the applicable agreement for further details, at
https://fpgasoftware.intel.com/eula.



+-------------------------------------------------------------------------------+
; Analysis & Synthesis Summary                                                  ;
+---------------------------------+---------------------------------------------+
; Analysis & Synthesis Status     ; Successful - Tue Aug 22 16:08:30 2023       ;
; Quartus Prime Version           ; 21.1.0 Build 842 10/21/2021 SJ Lite Edition ;
; Revision Name                   ; flipflop                                    ;
; Top-level Entity Name           ; flipflop                                    ;
; Family                          ; Cyclone V                                   ;
; Logic utilization (in ALMs)     ; N/A                                         ;
; Total registers                 ; 4                                           ;
; Total pins                      ; 10                                          ;
; Total virtual pins              ; 0                                           ;
; Total block memory bits         ; 0                                           ;
; Total DSP Blocks                ; 0                                           ;
; Total HSSI RX PCSs              ; 0                                           ;
; Total HSSI PMA RX Deserializers ; 0                                           ;
; Total HSSI TX PCSs              ; 0                                           ;
; Total HSSI PMA TX Serializers   ; 0                                           ;
; Total PLLs                      ; 0                                           ;
; Total DLLs                      ; 0                                           ;
+---------------------------------+---------------------------------------------+


+---------------------------------------------------------------------------------------------------------------------------+
; Analysis & Synthesis Settings                                                                                             ;
+---------------------------------------------------------------------------------+--------------------+--------------------+
; Option                                                                          ; Setting            ; Default Value      ;
+---------------------------------------------------------------------------------+--------------------+--------------------+
; Device                                                                          ; 5CEBA4F23C7        ;                    ;
; Top-level entity name                                                           ; flipflop           ; flipflop           ;
; Family name                                                                     ; Cyclone V          ; Cyclone V          ;
; Use smart compilation                                                           ; Off                ; Off                ;
; Enable parallel Assembler and Timing Analyzer during compilation                ; On                 ; On                 ;
; Enable compact report table                                                     ; Off                ; Off                ;
; Restructure Multiplexers                                                        ; Auto               ; Auto               ;
; MLAB Add Timing Constraints For Mixed-Port Feed-Through Mode Setting Don't Care ; Off                ; Off                ;
; Create Debugging Nodes for IP Cores                                             ; Off                ; Off                ;
; Preserve fewer node names                                                       ; On                 ; On                 ;
; Intel FPGA IP Evaluation Mode                                                   ; Enable             ; Enable             ;
; Verilog Version                                                                 ; Verilog_2001       ; Verilog_2001       ;
; VHDL Version                                                                    ; VHDL_1993          ; VHDL_1993          ;
; State Machine Processing                                                        ; Auto               ; Auto               ;
; Safe State Machine                                                              ; Off                ; Off                ;
; Extract Verilog State Machines                                                  ; On                 ; On                 ;
; Extract VHDL State Machines                                                     ; On                 ; On                 ;
; Ignore Verilog initial constructs                                               ; Off                ; Off                ;
; Iteration limit for constant Verilog loops                                      ; 5000               ; 5000               ;
; Iteration limit for non-constant Verilog loops                                  ; 250                ; 250                ;
; Add Pass-Through Logic to Inferred RAMs                                         ; On                 ; On                 ;
; Infer RAMs from Raw Logic                                                       ; On                 ; On                 ;
; Parallel Synthesis                                                              ; On                 ; On                 ;
; DSP Block Balancing                                                             ; Auto               ; Auto               ;
; NOT Gate Push-Back                                                              ; On                 ; On                 ;
; Power-Up Don't Care                                                             ; On                 ; On                 ;
; Remove Redundant Logic Cells                                                    ; Off                ; Off                ;
; Remove Duplicate Registers                                                      ; On                 ; On                 ;
; Ignore CARRY Buffers                                                            ; Off                ; Off                ;
; Ignore CASCADE Buffers                                                          ; Off                ; Off                ;
; Ignore GLOBAL Buffers                                                           ; Off                ; Off                ;
; Ignore ROW GLOBAL Buffers                                                       ; Off                ; Off                ;
; Ignore LCELL Buffers                                                            ; Off                ; Off                ;
; Ignore SOFT Buffers                                                             ; On                 ; On                 ;
; Limit AHDL Integers to 32 Bits                                                  ; Off                ; Off                ;
; Optimization Technique                                                          ; Balanced           ; Balanced           ;
; Carry Chain Length                                                              ; 70                 ; 70                 ;
; Auto Carry Chains                                                               ; On                 ; On                 ;
; Auto Open-Drain Pins                                                            ; On                 ; On                 ;
; Perform WYSIWYG Primitive Resynthesis                                           ; Off                ; Off                ;
; Auto ROM Replacement                                                            ; On                 ; On                 ;
; Auto RAM Replacement                                                            ; On                 ; On                 ;
; Auto DSP Block Replacement                                                      ; On                 ; On                 ;
; Auto Shift Register Replacement                                                 ; Auto               ; Auto               ;
; Allow Shift Register Merging across Hierarchies                                 ; Auto               ; Auto               ;
; Auto Clock Enable Replacement                                                   ; On                 ; On                 ;
; Strict RAM Replacement                                                          ; Off                ; Off                ;
; Allow Synchronous Control Signals                                               ; On                 ; On                 ;
; Force Use of Synchronous Clear Signals                                          ; Off                ; Off                ;
; Auto Resource Sharing                                                           ; Off                ; Off                ;
; Allow Any RAM Size For Recognition                                              ; Off                ; Off                ;
; Allow Any ROM Size For Recognition                                              ; Off                ; Off                ;
; Allow Any Shift Register Size For Recognition                                   ; Off                ; Off                ;
; Use LogicLock Constraints during Resource Balancing                             ; On                 ; On                 ;
; Ignore translate_off and synthesis_off directives                               ; Off                ; Off                ;
; Timing-Driven Synthesis                                                         ; On                 ; On                 ;
; Report Parameter Settings                                                       ; On                 ; On                 ;
; Report Source Assignments                                                       ; On                 ; On                 ;
; Report Connectivity Checks                                                      ; On                 ; On                 ;
; Ignore Maximum Fan-Out Assignments                                              ; Off                ; Off                ;
; Synchronization Register Chain Length                                           ; 3                  ; 3                  ;
; Power Optimization During Synthesis                                             ; Normal compilation ; Normal compilation ;
; HDL message level                                                               ; Level2             ; Level2             ;
; Suppress Register Optimization Related Messages                                 ; Off                ; Off                ;
; Number of Removed Registers Reported in Synthesis Report                        ; 5000               ; 5000               ;
; Number of Swept Nodes Reported in Synthesis Report                              ; 5000               ; 5000               ;
; Number of Inverted Registers Reported in Synthesis Report                       ; 100                ; 100                ;
; Clock MUX Protection                                                            ; On                 ; On                 ;
; Auto Gated Clock Conversion                                                     ; Off                ; Off                ;
; Block Design Naming                                                             ; Auto               ; Auto               ;
; SDC constraint protection                                                       ; Off                ; Off                ;
; Synthesis Effort                                                                ; Auto               ; Auto               ;
; Shift Register Replacement - Allow Asynchronous Clear Signal                    ; On                 ; On                 ;
; Pre-Mapping Resynthesis Optimization                                            ; Off                ; Off                ;
; Analysis & Synthesis Message Level                                              ; Medium             ; Medium             ;
; Disable Register Merging Across Hierarchies                                     ; Auto               ; Auto               ;
; Resource Aware Inference For Block RAM                                          ; On                 ; On                 ;
; Automatic Parallel Synthesis                                                    ; On                 ; On                 ;
; Partial Reconfiguration Bitstream ID                                            ; Off                ; Off                ;
+---------------------------------------------------------------------------------+--------------------+--------------------+


+------------------------------------------+
; Parallel Compilation                     ;
+----------------------------+-------------+
; Processors                 ; Number      ;
+----------------------------+-------------+
; Number detected on machine ; 4           ;
; Maximum allowed            ; 4           ;
;                            ;             ;
; Average used               ; 1.00        ;
; Maximum used               ; 1           ;
;                            ;             ;
; Usage by Processor         ; % Time Used ;
;     Processor 1            ; 100.0%      ;
+----------------------------+-------------+


+---------------------------------------------------------------------------------------------------------------------------------------------------------------------------+
; Analysis & Synthesis Source Files Read                                                                                                                                    ;
+----------------------------------+-----------------+------------------------------------+-----------------------------------------------------------------------+---------+
; File Name with User-Entered Path ; Used in Netlist ; File Type                          ; File Name with Absolute Path                                          ; Library ;
+----------------------------------+-----------------+------------------------------------+-----------------------------------------------------------------------+---------+
; flipflop.bdf                     ; yes             ; User Block Diagram/Schematic File  ; C:/Users/14651531/Desktop/flipflop/flipflop.bdf                       ;         ;
; mux21.v                          ; yes             ; User Wizard-Generated File         ; C:/Users/14651531/Desktop/flipflop/mux21.v                            ;         ;
; lpm_mux.tdf                      ; yes             ; Megafunction                       ; c:/intelfpga_lite/21.1/quartus/libraries/megafunctions/lpm_mux.tdf    ;         ;
; aglobal211.inc                   ; yes             ; Megafunction                       ; c:/intelfpga_lite/21.1/quartus/libraries/megafunctions/aglobal211.inc ;         ;
; muxlut.inc                       ; yes             ; Megafunction                       ; c:/intelfpga_lite/21.1/quartus/libraries/megafunctions/muxlut.inc     ;         ;
; bypassff.inc                     ; yes             ; Megafunction                       ; c:/intelfpga_lite/21.1/quartus/libraries/megafunctions/bypassff.inc   ;         ;
; altshift.inc                     ; yes             ; Megafunction                       ; c:/intelfpga_lite/21.1/quartus/libraries/megafunctions/altshift.inc   ;         ;
; db/mux_pjc.tdf                   ; yes             ; Auto-Generated Megafunction        ; C:/Users/14651531/Desktop/flipflop/db/mux_pjc.tdf                     ;         ;
+----------------------------------+-----------------+------------------------------------+-----------------------------------------------------------------------+---------+


+---------------------------------------------------------+
; Analysis & Synthesis Resource Usage Summary             ;
+---------------------------------------------+-----------+
; Resource                                    ; Usage     ;
+---------------------------------------------+-----------+
; Estimate of Logic utilization (ALMs needed) ; 2         ;
;                                             ;           ;
; Combinational ALUT usage for logic          ; 0         ;
;     -- 7 input functions                    ; 0         ;
;     -- 6 input functions                    ; 0         ;
;     -- 5 input functions                    ; 0         ;
;     -- 4 input functions                    ; 0         ;
;     -- <=3 input functions                  ; 0         ;
;                                             ;           ;
; Dedicated logic registers                   ; 4         ;
;                                             ;           ;
; I/O pins                                    ; 10        ;
;                                             ;           ;
; Total DSP Blocks                            ; 0         ;
;                                             ;           ;
; Maximum fan-out node                        ; CLK~input ;
; Maximum fan-out                             ; 4         ;
; Total fan-out                               ; 26        ;
; Average fan-out                             ; 1.08      ;
+---------------------------------------------+-----------+


+----------------------------------------------------------------------------------------------------------------------------------------------------------------------------------------+
; Analysis & Synthesis Resource Utilization by Entity                                                                                                                                    ;
+----------------------------+---------------------+---------------------------+-------------------+------------+------+--------------+---------------------+-------------+--------------+
; Compilation Hierarchy Node ; Combinational ALUTs ; Dedicated Logic Registers ; Block Memory Bits ; DSP Blocks ; Pins ; Virtual Pins ; Full Hierarchy Name ; Entity Name ; Library Name ;
+----------------------------+---------------------+---------------------------+-------------------+------------+------+--------------+---------------------+-------------+--------------+
; |flipflop                  ; 0 (0)               ; 4 (4)                     ; 0                 ; 0          ; 10   ; 0            ; |flipflop           ; flipflop    ; work         ;
+----------------------------+---------------------+---------------------------+-------------------+------------+------+--------------+---------------------+-------------+--------------+
Note: For table entries with two numbers listed, the numbers in parentheses indicate the number of resources of the given type used by the specific entity alone. The numbers listed outside of parentheses indicate the total resources of the given type used by the specific entity and all of its sub-entities in the hierarchy.


+---------------------------------------------------------------------------------------------------------------+
; Analysis & Synthesis IP Cores Summary                                                                         ;
+--------+--------------+---------+--------------+--------------+-----------------------------+-----------------+
; Vendor ; IP Core Name ; Version ; Release Date ; License Type ; Entity Instance             ; IP Include File ;
+--------+--------------+---------+--------------+--------------+-----------------------------+-----------------+
; Altera ; LPM_MUX      ; 21.1    ; N/A          ; N/A          ; |flipflop|mux21:efgf3f      ; mux21.v         ;
; Altera ; LPM_MUX      ; 21.1    ; N/A          ; N/A          ; |flipflop|mux21:fe33efe3r3e ; mux21.v         ;
; Altera ; LPM_MUX      ; 21.1    ; N/A          ; N/A          ; |flipflop|mux21:ghfqsghfdqw ; mux21.v         ;
; Altera ; LPM_MUX      ; 21.1    ; N/A          ; N/A          ; |flipflop|mux21:sqhffqwhfd  ; mux21.v         ;
+--------+--------------+---------+--------------+--------------+-----------------------------+-----------------+


+------------------------------------------------------+
; General Register Statistics                          ;
+----------------------------------------------+-------+
; Statistic                                    ; Value ;
+----------------------------------------------+-------+
; Total registers                              ; 4     ;
; Number of registers using Synchronous Clear  ; 0     ;
; Number of registers using Synchronous Load   ; 0     ;
; Number of registers using Asynchronous Clear ; 0     ;
; Number of registers using Asynchronous Load  ; 0     ;
; Number of registers using Clock Enable       ; 4     ;
; Number of registers using Preset             ; 0     ;
+----------------------------------------------+-------+


+------------------------------------------------------------------------------------------+
; Parameter Settings for User Entity Instance: mux21:ghfqsghfdqw|lpm_mux:LPM_MUX_component ;
+------------------------+-----------+-----------------------------------------------------+
; Parameter Name         ; Value     ; Type                                                ;
+------------------------+-----------+-----------------------------------------------------+
; AUTO_CARRY_CHAINS      ; ON        ; AUTO_CARRY                                          ;
; IGNORE_CARRY_BUFFERS   ; OFF       ; IGNORE_CARRY                                        ;
; AUTO_CASCADE_CHAINS    ; ON        ; AUTO_CASCADE                                        ;
; IGNORE_CASCADE_BUFFERS ; OFF       ; IGNORE_CASCADE                                      ;
; LPM_WIDTH              ; 1         ; Signed Integer                                      ;
; LPM_SIZE               ; 2         ; Signed Integer                                      ;
; LPM_WIDTHS             ; 1         ; Signed Integer                                      ;
; LPM_PIPELINE           ; 0         ; Untyped                                             ;
; CBXI_PARAMETER         ; mux_pjc   ; Untyped                                             ;
; DEVICE_FAMILY          ; Cyclone V ; Untyped                                             ;
+------------------------+-----------+-----------------------------------------------------+
Note: In order to hide this table in the UI and the text report file, please set the "Show Parameter Settings in Synthesis Report" option in "Analysis and Synthesis Settings -> More Settings" to "Off".


+-----------------------------------------------------------------------------------------+
; Parameter Settings for User Entity Instance: mux21:sqhffqwhfd|lpm_mux:LPM_MUX_component ;
+------------------------+-----------+----------------------------------------------------+
; Parameter Name         ; Value     ; Type                                               ;
+------------------------+-----------+----------------------------------------------------+
; AUTO_CARRY_CHAINS      ; ON        ; AUTO_CARRY                                         ;
; IGNORE_CARRY_BUFFERS   ; OFF       ; IGNORE_CARRY                                       ;
; AUTO_CASCADE_CHAINS    ; ON        ; AUTO_CASCADE                                       ;
; IGNORE_CASCADE_BUFFERS ; OFF       ; IGNORE_CASCADE                                     ;
; LPM_WIDTH              ; 1         ; Signed Integer                                     ;
; LPM_SIZE               ; 2         ; Signed Integer                                     ;
; LPM_WIDTHS             ; 1         ; Signed Integer                                     ;
; LPM_PIPELINE           ; 0         ; Untyped                                            ;
; CBXI_PARAMETER         ; mux_pjc   ; Untyped                                            ;
; DEVICE_FAMILY          ; Cyclone V ; Untyped                                            ;
+------------------------+-----------+----------------------------------------------------+
Note: In order to hide this table in the UI and the text report file, please set the "Show Parameter Settings in Synthesis Report" option in "Analysis and Synthesis Settings -> More Settings" to "Off".


+-------------------------------------------------------------------------------------+
; Parameter Settings for User Entity Instance: mux21:efgf3f|lpm_mux:LPM_MUX_component ;
+------------------------+-----------+------------------------------------------------+
; Parameter Name         ; Value     ; Type                                           ;
+------------------------+-----------+------------------------------------------------+
; AUTO_CARRY_CHAINS      ; ON        ; AUTO_CARRY                                     ;
; IGNORE_CARRY_BUFFERS   ; OFF       ; IGNORE_CARRY                                   ;
; AUTO_CASCADE_CHAINS    ; ON        ; AUTO_CASCADE                                   ;
; IGNORE_CASCADE_BUFFERS ; OFF       ; IGNORE_CASCADE                                 ;
; LPM_WIDTH              ; 1         ; Signed Integer                                 ;
; LPM_SIZE               ; 2         ; Signed Integer                                 ;
; LPM_WIDTHS             ; 1         ; Signed Integer                                 ;
; LPM_PIPELINE           ; 0         ; Untyped                                        ;
; CBXI_PARAMETER         ; mux_pjc   ; Untyped                                        ;
; DEVICE_FAMILY          ; Cyclone V ; Untyped                                        ;
+------------------------+-----------+------------------------------------------------+
Note: In order to hide this table in the UI and the text report file, please set the "Show Parameter Settings in Synthesis Report" option in "Analysis and Synthesis Settings -> More Settings" to "Off".


+------------------------------------------------------------------------------------------+
; Parameter Settings for User Entity Instance: mux21:fe33efe3r3e|lpm_mux:LPM_MUX_component ;
+------------------------+-----------+-----------------------------------------------------+
; Parameter Name         ; Value     ; Type                                                ;
+------------------------+-----------+-----------------------------------------------------+
; AUTO_CARRY_CHAINS      ; ON        ; AUTO_CARRY                                          ;
; IGNORE_CARRY_BUFFERS   ; OFF       ; IGNORE_CARRY                                        ;
; AUTO_CASCADE_CHAINS    ; ON        ; AUTO_CASCADE                                        ;
; IGNORE_CASCADE_BUFFERS ; OFF       ; IGNORE_CASCADE                                      ;
; LPM_WIDTH              ; 1         ; Signed Integer                                      ;
; LPM_SIZE               ; 2         ; Signed Integer                                      ;
; LPM_WIDTHS             ; 1         ; Signed Integer                                      ;
; LPM_PIPELINE           ; 0         ; Untyped                                             ;
; CBXI_PARAMETER         ; mux_pjc   ; Untyped                                             ;
; DEVICE_FAMILY          ; Cyclone V ; Untyped                                             ;
+------------------------+-----------+-----------------------------------------------------+
Note: In order to hide this table in the UI and the text report file, please set the "Show Parameter Settings in Synthesis Report" option in "Analysis and Synthesis Settings -> More Settings" to "Off".


+-----------------------------------------------------+
; Post-Synthesis Netlist Statistics for Top Partition ;
+-------------------+---------------------------------+
; Type              ; Count                           ;
+-------------------+---------------------------------+
; arriav_ff         ; 4                               ;
;     ENA           ; 4                               ;
; boundary_port     ; 10                              ;
;                   ;                                 ;
; Max LUT depth     ; 0.00                            ;
; Average LUT depth ; 0.00                            ;
+-------------------+---------------------------------+


+-------------------------------+
; Elapsed Time Per Partition    ;
+----------------+--------------+
; Partition Name ; Elapsed Time ;
+----------------+--------------+
; Top            ; 00:00:00     ;
+----------------+--------------+


+-------------------------------+
; Analysis & Synthesis Messages ;
+-------------------------------+
Info: *******************************************************************
Info: Running Quartus Prime Analysis & Synthesis
    Info: Version 21.1.0 Build 842 10/21/2021 SJ Lite Edition
    Info: Processing started: Tue Aug 22 16:08:22 2023
Info: Command: quartus_map --read_settings_files=on --write_settings_files=off flipflop -c flipflop
Warning (18236): Number of processors has not been specified which may cause overloading on shared machines.  Set the global assignment NUM_PARALLEL_PROCESSORS in your QSF to an appropriate value for best performance.
Info (20030): Parallel compilation is enabled and will use 4 of the 4 processors detected
Info (12021): Found 1 design units, including 1 entities, in source file flipflop.bdf
    Info (12023): Found entity 1: flipflop
Info (12021): Found 1 design units, including 1 entities, in source file mux21.v
    Info (12023): Found entity 1: mux21 File: C:/Users/14651531/Desktop/flipflop/mux21.v Line: 40
Info (12127): Elaborating entity "flipflop" for the top level hierarchy
Info (12128): Elaborating entity "mux21" for hierarchy "mux21:ghfqsghfdqw"
Info (12128): Elaborating entity "lpm_mux" for hierarchy "mux21:ghfqsghfdqw|lpm_mux:LPM_MUX_component" File: C:/Users/14651531/Desktop/flipflop/mux21.v Line: 70
Info (12130): Elaborated megafunction instantiation "mux21:ghfqsghfdqw|lpm_mux:LPM_MUX_component" File: C:/Users/14651531/Desktop/flipflop/mux21.v Line: 70
Info (12133): Instantiated megafunction "mux21:ghfqsghfdqw|lpm_mux:LPM_MUX_component" with the following parameter: File: C:/Users/14651531/Desktop/flipflop/mux21.v Line: 70
    Info (12134): Parameter "lpm_size" = "2"
    Info (12134): Parameter "lpm_type" = "LPM_MUX"
    Info (12134): Parameter "lpm_width" = "1"
    Info (12134): Parameter "lpm_widths" = "1"
Info (12021): Found 1 design units, including 1 entities, in source file db/mux_pjc.tdf
    Info (12023): Found entity 1: mux_pjc File: C:/Users/14651531/Desktop/flipflop/db/mux_pjc.tdf Line: 23
Info (12128): Elaborating entity "mux_pjc" for hierarchy "mux21:ghfqsghfdqw|lpm_mux:LPM_MUX_component|mux_pjc:auto_generated" File: c:/intelfpga_lite/21.1/quartus/libraries/megafunctions/lpm_mux.tdf Line: 87
Info (286030): Timing-Driven Synthesis is running
Info (16010): Generating hard_block partition "hard_block:auto_generated_inst"
    Info (16011): Adding 0 node(s), including 0 DDIO, 0 PLL, 0 transceiver and 0 LCELL
Info (21057): Implemented 14 device resources after synthesis - the final resource count might be different
    Info (21058): Implemented 6 input pins
    Info (21059): Implemented 4 output pins
    Info (21061): Implemented 4 logic cells
Info: Quartus Prime Analysis & Synthesis was successful. 0 errors, 1 warning
    Info: Peak virtual memory: 4828 megabytes
    Info: Processing ended: Tue Aug 22 16:08:30 2023
    Info: Elapsed time: 00:00:08
    Info: Total CPU time (on all processors): 00:00:18


