Flow report for ULA
Tue Sep 19 16:11:34 2023
Quartus Prime Version 21.1.0 Build 842 10/21/2021 SJ Lite Edition


---------------------
; Table of Contents ;
---------------------
  1. Legal Notice
  2. Flow Summary
  3. Flow Settings
  4. Flow Non-Default Global Settings
  5. Flow Elapsed Time
  6. Flow OS Summary
  7. Flow Log
  8. Flow Messages
  9. Flow Suppressed Messages



----------------
; Legal Notice ;
----------------
Copyright (C) 2021  Intel Corporation. All rights reserved.
Your use of Intel Corporation's design tools, logic functions 
and other software and tools, and any partner logic 
functions, and any output files from any of the foregoing 
(including device programming or simulation files), and any 
associated documentation or information are expressly subject 
to the terms and conditions of the Intel Program License 
Subscription Agreement, the Intel Quartus Prime License Agreement,
the Intel FPGA IP License Agreement, or other applicable license
agreement, including, without limitation, that your use is for
the sole purpose of programming logic devices manufactured by
Intel and sold by Intel or its authorized distributors.  Please
refer to the applicable agreement for further details, at
https://fpgasoftware.intel.com/eula.



+-------------------------------------------------------------------------------+
; Flow Summary                                                                  ;
+---------------------------------+---------------------------------------------+
; Flow Status                     ; Successful - Tue Sep 19 16:11:34 2023       ;
; Quartus Prime Version           ; 21.1.0 Build 842 10/21/2021 SJ Lite Edition ;
; Revision Name                   ; ULA                                         ;
; Top-level Entity Name           ; ULA                                         ;
; Family                          ; Cyclone V                                   ;
; Device                          ; 5CEBA4F23C7                                 ;
; Timing Models                   ; Final                                       ;
; Logic utilization (in ALMs)     ; 16 / 18,480 ( < 1 % )                       ;
; Total registers                 ; 0                                           ;
; Total pins                      ; 14 / 224 ( 6 % )                            ;
; Total virtual pins              ; 0                                           ;
; Total block memory bits         ; 0 / 3,153,920 ( 0 % )                       ;
; Total DSP Blocks                ; 0 / 66 ( 0 % )                              ;
; Total HSSI RX PCSs              ; 0                                           ;
; Total HSSI PMA RX Deserializers ; 0                                           ;
; Total HSSI TX PCSs              ; 0                                           ;
; Total HSSI PMA TX Serializers   ; 0                                           ;
; Total PLLs                      ; 0 / 4 ( 0 % )                               ;
; Total DLLs                      ; 0 / 4 ( 0 % )                               ;
+---------------------------------+---------------------------------------------+


+-----------------------------------------+
; Flow Settings                           ;
+-------------------+---------------------+
; Option            ; Setting             ;
+-------------------+---------------------+
; Start date & time ; 09/19/2023 15:05:02 ;
; Main task         ; Compilation         ;
; Revision Name     ; ULA                 ;
+-------------------+---------------------+


+------------------------------------------------------------------------------------------------------------------------------------------------+
; Flow Non-Default Global Settings                                                                                                               ;
+-------------------------------------+----------------------------------------+---------------+-------------+-----------------------------------+
; Assignment Name                     ; Value                                  ; Default Value ; Entity Name ; Section Id                        ;
+-------------------------------------+----------------------------------------+---------------+-------------+-----------------------------------+
; COMPILER_SIGNATURE_ID               ; 123719795021574.169514670200788        ; --            ; --          ; --                                ;
; EDA_GENERATE_FUNCTIONAL_NETLIST     ; Off                                    ; --            ; --          ; eda_board_design_timing           ;
; EDA_GENERATE_FUNCTIONAL_NETLIST     ; Off                                    ; --            ; --          ; eda_board_design_boundary_scan    ;
; EDA_GENERATE_FUNCTIONAL_NETLIST     ; Off                                    ; --            ; --          ; eda_board_design_signal_integrity ;
; EDA_GENERATE_FUNCTIONAL_NETLIST     ; Off                                    ; --            ; --          ; eda_board_design_symbol           ;
; EDA_OUTPUT_DATA_FORMAT              ; Vhdl                                   ; --            ; --          ; eda_simulation                    ;
; EDA_SIMULATION_TOOL                 ; ModelSim (VHDL)                        ; <None>        ; --          ; --                                ;
; EDA_TIME_SCALE                      ; 1 ps                                   ; --            ; --          ; eda_simulation                    ;
; MAX_CORE_JUNCTION_TEMP              ; 85                                     ; --            ; --          ; --                                ;
; MIN_CORE_JUNCTION_TEMP              ; 0                                      ; --            ; --          ; --                                ;
; MISC_FILE                           ; MUX41.bsf                              ; --            ; --          ; --                                ;
; MISC_FILE                           ; MUX41_bb.v                             ; --            ; --          ; --                                ;
; PARTITION_COLOR                     ; -- (Not supported for targeted family) ; --            ; --          ; Top                               ;
; PARTITION_FITTER_PRESERVATION_LEVEL ; -- (Not supported for targeted family) ; --            ; --          ; Top                               ;
; PARTITION_NETLIST_TYPE              ; -- (Not supported for targeted family) ; --            ; --          ; Top                               ;
; PROJECT_OUTPUT_DIRECTORY            ; output_files                           ; --            ; --          ; --                                ;
+-------------------------------------+----------------------------------------+---------------+-------------+-----------------------------------+


+--------------------------------------------------------------------------------------------------------------------------+
; Flow Elapsed Time                                                                                                        ;
+----------------------+--------------+-------------------------+---------------------+------------------------------------+
; Module Name          ; Elapsed Time ; Average Processors Used ; Peak Virtual Memory ; Total CPU Time (on all processors) ;
+----------------------+--------------+-------------------------+---------------------+------------------------------------+
; Analysis & Synthesis ; 00:00:08     ; 1.0                     ; 4832 MB             ; 00:00:18                           ;
; Fitter               ; 00:00:14     ; 1.0                     ; 6222 MB             ; 00:00:21                           ;
; Assembler            ; 00:00:03     ; 1.0                     ; 4853 MB             ; 00:00:03                           ;
; Timing Analyzer      ; 00:00:04     ; 1.0                     ; 5066 MB             ; 00:00:04                           ;
; EDA Netlist Writer   ; 00:00:00     ; 1.0                     ; 4726 MB             ; 00:00:01                           ;
; EDA Netlist Writer   ; 00:00:01     ; 1.0                     ; 4714 MB             ; 00:00:01                           ;
; EDA Netlist Writer   ; 00:00:01     ; 1.0                     ; 4727 MB             ; 00:00:01                           ;
; EDA Netlist Writer   ; 00:00:01     ; 1.0                     ; 4714 MB             ; 00:00:01                           ;
; EDA Netlist Writer   ; 00:00:01     ; 1.0                     ; 4727 MB             ; 00:00:01                           ;
; EDA Netlist Writer   ; 00:00:01     ; 1.0                     ; 4714 MB             ; 00:00:01                           ;
; EDA Netlist Writer   ; 00:00:01     ; 1.0                     ; 4727 MB             ; 00:00:01                           ;
; EDA Netlist Writer   ; 00:00:01     ; 1.0                     ; 4714 MB             ; 00:00:01                           ;
; EDA Netlist Writer   ; 00:00:01     ; 1.0                     ; 4727 MB             ; 00:00:01                           ;
; EDA Netlist Writer   ; 00:00:01     ; 1.0                     ; 4714 MB             ; 00:00:01                           ;
; EDA Netlist Writer   ; 00:00:01     ; 1.0                     ; 4727 MB             ; 00:00:01                           ;
; EDA Netlist Writer   ; 00:00:01     ; 1.0                     ; 4714 MB             ; 00:00:01                           ;
; EDA Netlist Writer   ; 00:00:00     ; 1.0                     ; 4727 MB             ; 00:00:01                           ;
; EDA Netlist Writer   ; 00:00:01     ; 1.0                     ; 4714 MB             ; 00:00:01                           ;
; EDA Netlist Writer   ; 00:00:01     ; 1.0                     ; 4727 MB             ; 00:00:01                           ;
; EDA Netlist Writer   ; 00:00:00     ; 1.0                     ; 4714 MB             ; 00:00:01                           ;
; EDA Netlist Writer   ; 00:00:01     ; 1.0                     ; 4727 MB             ; 00:00:01                           ;
; EDA Netlist Writer   ; 00:00:01     ; 1.0                     ; 4714 MB             ; 00:00:01                           ;
; EDA Netlist Writer   ; 00:00:01     ; 1.0                     ; 4727 MB             ; 00:00:01                           ;
; EDA Netlist Writer   ; 00:00:01     ; 1.0                     ; 4714 MB             ; 00:00:01                           ;
; EDA Netlist Writer   ; 00:00:01     ; 1.0                     ; 4727 MB             ; 00:00:01                           ;
; EDA Netlist Writer   ; 00:00:01     ; 1.0                     ; 4714 MB             ; 00:00:01                           ;
; EDA Netlist Writer   ; 00:00:01     ; 1.0                     ; 4727 MB             ; 00:00:01                           ;
; EDA Netlist Writer   ; 00:00:02     ; 1.0                     ; 4714 MB             ; 00:00:01                           ;
; EDA Netlist Writer   ; 00:00:00     ; 1.0                     ; 4727 MB             ; 00:00:01                           ;
; EDA Netlist Writer   ; 00:00:01     ; 1.0                     ; 4714 MB             ; 00:00:01                           ;
; EDA Netlist Writer   ; 00:00:01     ; 1.0                     ; 4727 MB             ; 00:00:01                           ;
; EDA Netlist Writer   ; 00:00:04     ; 1.0                     ; 4714 MB             ; 00:00:01                           ;
; EDA Netlist Writer   ; 00:00:01     ; 1.0                     ; 4727 MB             ; 00:00:01                           ;
; EDA Netlist Writer   ; 00:00:01     ; 1.0                     ; 4714 MB             ; 00:00:01                           ;
; EDA Netlist Writer   ; 00:00:01     ; 1.0                     ; 4727 MB             ; 00:00:01                           ;
; EDA Netlist Writer   ; 00:00:00     ; 1.0                     ; 4714 MB             ; 00:00:01                           ;
; EDA Netlist Writer   ; 00:00:01     ; 1.0                     ; 4727 MB             ; 00:00:01                           ;
; Total                ; 00:01:01     ; --                      ; --                  ; 00:01:19                           ;
+----------------------+--------------+-------------------------+---------------------+------------------------------------+


+------------------------------------------------------------------------------------+
; Flow OS Summary                                                                    ;
+----------------------+------------------+------------+------------+----------------+
; Module Name          ; Machine Hostname ; OS Name    ; OS Version ; Processor type ;
+----------------------+------------------+------------+------------+----------------+
; Analysis & Synthesis ; 6-305-20         ; Windows 10 ; 10.0       ; x86_64         ;
; Fitter               ; 6-305-20         ; Windows 10 ; 10.0       ; x86_64         ;
; Assembler            ; 6-305-20         ; Windows 10 ; 10.0       ; x86_64         ;
; Timing Analyzer      ; 6-305-20         ; Windows 10 ; 10.0       ; x86_64         ;
; EDA Netlist Writer   ; 6-305-20         ; Windows 10 ; 10.0       ; x86_64         ;
; EDA Netlist Writer   ; 6-305-20         ; Windows 10 ; 10.0       ; x86_64         ;
; EDA Netlist Writer   ; 6-305-20         ; Windows 10 ; 10.0       ; x86_64         ;
; EDA Netlist Writer   ; 6-305-20         ; Windows 10 ; 10.0       ; x86_64         ;
; EDA Netlist Writer   ; 6-305-20         ; Windows 10 ; 10.0       ; x86_64         ;
; EDA Netlist Writer   ; 6-305-20         ; Windows 10 ; 10.0       ; x86_64         ;
; EDA Netlist Writer   ; 6-305-20         ; Windows 10 ; 10.0       ; x86_64         ;
; EDA Netlist Writer   ; 6-305-20         ; Windows 10 ; 10.0       ; x86_64         ;
; EDA Netlist Writer   ; 6-305-20         ; Windows 10 ; 10.0       ; x86_64         ;
; EDA Netlist Writer   ; 6-305-20         ; Windows 10 ; 10.0       ; x86_64         ;
; EDA Netlist Writer   ; 6-305-20         ; Windows 10 ; 10.0       ; x86_64         ;
; EDA Netlist Writer   ; 6-305-20         ; Windows 10 ; 10.0       ; x86_64         ;
; EDA Netlist Writer   ; 6-305-20         ; Windows 10 ; 10.0       ; x86_64         ;
; EDA Netlist Writer   ; 6-305-20         ; Windows 10 ; 10.0       ; x86_64         ;
; EDA Netlist Writer   ; 6-305-20         ; Windows 10 ; 10.0       ; x86_64         ;
; EDA Netlist Writer   ; 6-305-20         ; Windows 10 ; 10.0       ; x86_64         ;
; EDA Netlist Writer   ; 6-305-20         ; Windows 10 ; 10.0       ; x86_64         ;
; EDA Netlist Writer   ; 6-305-20         ; Windows 10 ; 10.0       ; x86_64         ;
; EDA Netlist Writer   ; 6-305-20         ; Windows 10 ; 10.0       ; x86_64         ;
; EDA Netlist Writer   ; 6-305-20         ; Windows 10 ; 10.0       ; x86_64         ;
; EDA Netlist Writer   ; 6-305-20         ; Windows 10 ; 10.0       ; x86_64         ;
; EDA Netlist Writer   ; 6-305-20         ; Windows 10 ; 10.0       ; x86_64         ;
; EDA Netlist Writer   ; 6-305-20         ; Windows 10 ; 10.0       ; x86_64         ;
; EDA Netlist Writer   ; 6-305-20         ; Windows 10 ; 10.0       ; x86_64         ;
; EDA Netlist Writer   ; 6-305-20         ; Windows 10 ; 10.0       ; x86_64         ;
; EDA Netlist Writer   ; 6-305-20         ; Windows 10 ; 10.0       ; x86_64         ;
; EDA Netlist Writer   ; 6-305-20         ; Windows 10 ; 10.0       ; x86_64         ;
; EDA Netlist Writer   ; 6-305-20         ; Windows 10 ; 10.0       ; x86_64         ;
; EDA Netlist Writer   ; 6-305-20         ; Windows 10 ; 10.0       ; x86_64         ;
; EDA Netlist Writer   ; 6-305-20         ; Windows 10 ; 10.0       ; x86_64         ;
; EDA Netlist Writer   ; 6-305-20         ; Windows 10 ; 10.0       ; x86_64         ;
; EDA Netlist Writer   ; 6-305-20         ; Windows 10 ; 10.0       ; x86_64         ;
; EDA Netlist Writer   ; 6-305-20         ; Windows 10 ; 10.0       ; x86_64         ;
+----------------------+------------------+------------+------------+----------------+


------------
; Flow Log ;
------------
quartus_map --read_settings_files=on --write_settings_files=off ULA -c ULA
quartus_fit --read_settings_files=off --write_settings_files=off ULA -c ULA
quartus_asm --read_settings_files=off --write_settings_files=off ULA -c ULA
quartus_sta ULA -c ULA
quartus_eda --read_settings_files=off --write_settings_files=off ULA -c ULA
quartus_eda --gen_testbench --tool=modelsim_oem --format=verilog --write_settings_files=off ULA -c ULA --vector_source=C:/Users/14560190/Desktop/ULA/Waveform1.vwf --testbench_file=C:/Users/14560190/Desktop/ULA/simulation/qsim/Waveform1.vwf.vt
quartus_eda --write_settings_files=off --simulation=on --functional=on --flatten_buses=off --tool=modelsim_oem --format=verilog --output_directory=C:/Users/14560190/Desktop/ULA/simulation/qsim/ ULA -c ULA
quartus_eda --gen_testbench --tool=modelsim_oem --format=verilog --write_settings_files=off ULA -c ULA --vector_source=C:/Users/14560190/Desktop/ULA/Waveform1.vwf --testbench_file=C:/Users/14560190/Desktop/ULA/simulation/qsim/Waveform1.vwf.vt
quartus_eda --write_settings_files=off --simulation=on --functional=on --flatten_buses=off --tool=modelsim_oem --format=verilog --output_directory=C:/Users/14560190/Desktop/ULA/simulation/qsim/ ULA -c ULA
quartus_eda --gen_testbench --tool=modelsim_oem --format=verilog --write_settings_files=off ULA -c ULA --vector_source=C:/Users/14560190/Desktop/ULA/Waveform2.vwf --testbench_file=C:/Users/14560190/Desktop/ULA/simulation/qsim/Waveform2.vwf.vt
quartus_eda --write_settings_files=off --simulation=on --functional=on --flatten_buses=off --tool=modelsim_oem --format=verilog --output_directory=C:/Users/14560190/Desktop/ULA/simulation/qsim/ ULA -c ULA
quartus_eda --gen_testbench --tool=modelsim_oem --format=verilog --write_settings_files=off ULA -c ULA --vector_source=C:/Users/14560190/Desktop/ULA/Waveform2.vwf --testbench_file=C:/Users/14560190/Desktop/ULA/simulation/qsim/Waveform2.vwf.vt
quartus_eda --write_settings_files=off --simulation=on --functional=on --flatten_buses=off --tool=modelsim_oem --format=verilog --output_directory=C:/Users/14560190/Desktop/ULA/simulation/qsim/ ULA -c ULA
quartus_eda --gen_testbench --tool=modelsim_oem --format=verilog --write_settings_files=off ULA -c ULA --vector_source=C:/Users/14560190/Desktop/ULA/Waveform2.vwf --testbench_file=C:/Users/14560190/Desktop/ULA/simulation/qsim/Waveform2.vwf.vt
quartus_eda --write_settings_files=off --simulation=on --functional=on --flatten_buses=off --tool=modelsim_oem --format=verilog --output_directory=C:/Users/14560190/Desktop/ULA/simulation/qsim/ ULA -c ULA
quartus_eda --gen_testbench --tool=modelsim_oem --format=verilog --write_settings_files=off ULA -c ULA --vector_source=C:/Users/14560190/Desktop/ULA/Waveform2.vwf --testbench_file=C:/Users/14560190/Desktop/ULA/simulation/qsim/Waveform2.vwf.vt
quartus_eda --write_settings_files=off --simulation=on --functional=on --flatten_buses=off --tool=modelsim_oem --format=verilog --output_directory=C:/Users/14560190/Desktop/ULA/simulation/qsim/ ULA -c ULA
quartus_eda --gen_testbench --tool=modelsim_oem --format=verilog --write_settings_files=off ULA -c ULA --vector_source=C:/Users/14560190/Desktop/ULA/Waveform2.vwf --testbench_file=C:/Users/14560190/Desktop/ULA/simulation/qsim/Waveform2.vwf.vt
quartus_eda --write_settings_files=off --simulation=on --functional=on --flatten_buses=off --tool=modelsim_oem --format=verilog --output_directory=C:/Users/14560190/Desktop/ULA/simulation/qsim/ ULA -c ULA
quartus_eda --gen_testbench --tool=modelsim_oem --format=verilog --write_settings_files=off ULA -c ULA --vector_source=C:/Users/14560190/Desktop/ULA/Waveform2.vwf --testbench_file=C:/Users/14560190/Desktop/ULA/simulation/qsim/Waveform2.vwf.vt
quartus_eda --write_settings_files=off --simulation=on --functional=on --flatten_buses=off --tool=modelsim_oem --format=verilog --output_directory=C:/Users/14560190/Desktop/ULA/simulation/qsim/ ULA -c ULA
quartus_eda --gen_testbench --tool=modelsim_oem --format=verilog --write_settings_files=off ULA -c ULA --vector_source=C:/Users/14560190/Desktop/ULA/Waveform3.vwf --testbench_file=C:/Users/14560190/Desktop/ULA/simulation/qsim/Waveform3.vwf.vt
quartus_eda --write_settings_files=off --simulation=on --functional=on --flatten_buses=off --tool=modelsim_oem --format=verilog --output_directory=C:/Users/14560190/Desktop/ULA/simulation/qsim/ ULA -c ULA
quartus_eda --gen_testbench --tool=modelsim_oem --format=verilog --write_settings_files=off ULA -c ULA --vector_source=C:/Users/14560190/Desktop/ULA/Waveform3.vwf --testbench_file=C:/Users/14560190/Desktop/ULA/simulation/qsim/Waveform3.vwf.vt
quartus_eda --write_settings_files=off --simulation=on --functional=on --flatten_buses=off --tool=modelsim_oem --format=verilog --output_directory=C:/Users/14560190/Desktop/ULA/simulation/qsim/ ULA -c ULA
quartus_eda --gen_testbench --tool=modelsim_oem --format=verilog --write_settings_files=off ULA -c ULA --vector_source=C:/Users/14560190/Desktop/ULA/Waveform3.vwf --testbench_file=C:/Users/14560190/Desktop/ULA/simulation/qsim/Waveform3.vwf.vt
quartus_eda --write_settings_files=off --simulation=on --functional=on --flatten_buses=off --tool=modelsim_oem --format=verilog --output_directory=C:/Users/14560190/Desktop/ULA/simulation/qsim/ ULA -c ULA
quartus_eda --gen_testbench --tool=modelsim_oem --format=verilog --write_settings_files=off ULA -c ULA --vector_source=C:/Users/14560190/Desktop/ULA/Waveform4.vwf --testbench_file=C:/Users/14560190/Desktop/ULA/simulation/qsim/Waveform4.vwf.vt
quartus_eda --write_settings_files=off --simulation=on --functional=on --flatten_buses=off --tool=modelsim_oem --format=verilog --output_directory=C:/Users/14560190/Desktop/ULA/simulation/qsim/ ULA -c ULA
quartus_eda --gen_testbench --tool=modelsim_oem --format=verilog --write_settings_files=off ULA -c ULA --vector_source=C:/Users/14560190/Desktop/ULA/Waveform4.vwf --testbench_file=C:/Users/14560190/Desktop/ULA/simulation/qsim/Waveform4.vwf.vt
quartus_eda --write_settings_files=off --simulation=on --functional=on --flatten_buses=off --tool=modelsim_oem --format=verilog --output_directory=C:/Users/14560190/Desktop/ULA/simulation/qsim/ ULA -c ULA
quartus_eda --gen_testbench --tool=modelsim_oem --format=verilog --write_settings_files=off ULA -c ULA --vector_source=C:/Users/14560190/Desktop/ULA/Waveform4.vwf --testbench_file=C:/Users/14560190/Desktop/ULA/simulation/qsim/Waveform4.vwf.vt
quartus_eda --write_settings_files=off --simulation=on --functional=on --flatten_buses=off --tool=modelsim_oem --format=verilog --output_directory=C:/Users/14560190/Desktop/ULA/simulation/qsim/ ULA -c ULA
quartus_eda --gen_testbench --tool=modelsim_oem --format=verilog --write_settings_files=off ULA -c ULA --vector_source=C:/Users/14560190/Desktop/ULA/Waveform4.vwf --testbench_file=C:/Users/14560190/Desktop/ULA/simulation/qsim/Waveform4.vwf.vt
quartus_eda --write_settings_files=off --simulation=on --functional=on --flatten_buses=off --tool=modelsim_oem --format=verilog --output_directory=C:/Users/14560190/Desktop/ULA/simulation/qsim/ ULA -c ULA
quartus_eda --gen_testbench --tool=modelsim_oem --format=verilog --write_settings_files=off ULA -c ULA --vector_source=C:/Users/14560190/Desktop/ULA/Waveform4.vwf --testbench_file=C:/Users/14560190/Desktop/ULA/simulation/qsim/Waveform4.vwf.vt
quartus_eda --write_settings_files=off --simulation=on --functional=on --flatten_buses=off --tool=modelsim_oem --format=verilog --output_directory=C:/Users/14560190/Desktop/ULA/simulation/qsim/ ULA -c ULA



